e:\directxtut\cose50581 framework - tut\cose50581 framework\debug\vc120.pdb
e:\directxtut\cose50581 framework - tut\cose50581 framework\debug\vc120.idb
e:\directxtut\cose50581 framework - tut\cose50581 framework\debug\dx11 framework.obj
e:\directxtut\cose50581 framework - tut\cose50581 framework\debug\application.obj
e:\directxtut\cose50581 framework - tut\cose50581 framework\debug\dx11 framework.res
e:\directxtut\cose50581 framework - tut\cose50581 framework\debug\dx11 framework.pdb
e:\directxtut\cose50581 framework - tut\cose50581 framework\debug\dx11 framework.tlog\cl.read.1.tlog
e:\directxtut\cose50581 framework - tut\cose50581 framework\debug\dx11 framework.tlog\cl.write.1.tlog
e:\directxtut\cose50581 framework - tut\cose50581 framework\debug\dx11 framework.tlog\cl.command.1.tlog
e:\directxtut\cose50581 framework - tut\cose50581 framework\debug\dx11 framework.tlog\rc.read.1.tlog
e:\directxtut\cose50581 framework - tut\cose50581 framework\debug\dx11 framework.tlog\rc.write.1.tlog
e:\directxtut\cose50581 framework - tut\cose50581 framework\debug\dx11 framework.tlog\rc.command.1.tlog
e:\directxtut\cose50581 framework - tut\cose50581 framework\debug\dx11 framework.tlog\link.command.1.tlog
e:\directxtut\cose50581 framework - tut\cose50581 framework\debug\dx11 framework.tlog\link.1244-mt.read.1.tlog
e:\directxtut\cose50581 framework - tut\cose50581 framework\debug\dx11 framework.tlog\link.1244-mt.write.1.tlog
e:\directxtut\cose50581 framework - tut\cose50581 framework\debug\dx11 framework.tlog\link.1244-rc.read.1.tlog
e:\directxtut\cose50581 framework - tut\cose50581 framework\debug\dx11 framework.tlog\link.1244-rc.write.1.tlog
e:\directxtut\cose50581 framework - tut\cose50581 framework\debug\dx11 framework.tlog\link.1244.read.1.tlog
e:\directxtut\cose50581 framework - tut\cose50581 framework\debug\dx11 framework.tlog\link.read.1.tlog
e:\directxtut\cose50581 framework - tut\cose50581 framework\debug\dx11 framework.tlog\link.write.1.tlog
e:\directxtut\cose50581 framework - tut\cose50581 framework\debug\dx11 framework.tlog\link.1244-cvtres.read.1.tlog
e:\directxtut\cose50581 framework - tut\cose50581 framework\debug\dx11 framework.tlog\link.1244-cvtres.write.1.tlog
e:\directxtut\cose50581 framework - tut\cose50581 framework\debug\dx11 framework.tlog\link.1244.write.1.tlog
e:\directxtut\cose50581 framework - tut\cose50581 framework\debug\dx11 framework.tlog\link-mt.read.1.tlog
e:\directxtut\cose50581 framework - tut\cose50581 framework\debug\dx11 framework.tlog\link-mt.write.1.tlog
e:\directxtut\cose50581 framework - tut\cose50581 framework\debug\dx11 framework.tlog\link-rc.read.1.tlog
e:\directxtut\cose50581 framework - tut\cose50581 framework\debug\dx11 framework.tlog\link-rc.write.1.tlog
e:\directxtut\cose50581 framework - tut\cose50581 framework\debug\dx11 framework.tlog\link-cvtres.read.1.tlog
e:\directxtut\cose50581 framework - tut\cose50581 framework\debug\dx11 framework.tlog\link-cvtres.write.1.tlog
